<?xml version="1.0" encoding="UTF-8"?>
<!-- Generated by org.testng.reporters.JUnitReportReporter -->
<testsuite hostname="LAPTOP-T8V1FV5L" name="runner.TestRunner" tests="1" failures="0" timestamp="17 Apr 2021 04:29:18 GMT" time="37.690" errors="0">
  <testcase name="feature" time="37.690" classname="runner.TestRunner"/>
</testsuite> <!-- runner.TestRunner -->
